1759412836.712747 client started (39986): version 3.5a, socket /tmp/tmux-1000/default, protocol 8
1759412836.712789 on Linux 6.12.43+deb13-amd64 #1 SMP PREEMPT_DYNAMIC Debian 6.12.43-1 (2025-08-27)
1759412836.712795 using libevent 2.1.12-stable poll
1759412836.712798 using ncurses 6.5 20250125
1759412836.712812 flags are 0x18010000
1759412836.712825 socket is /tmp/tmux-1000/default
1759412836.712838 trying connect
1759412836.712864 add peer 0x7f6b2dc8bc80: 6 ((nil))
1759412836.713176 sending message 111 to peer 0x7f6b2dc8bc80 (8 bytes)
1759412836.713183 sending message 111 to peer 0x7f6b2dc8bc80 (8 bytes)
1759412836.713187 sending message 101 to peer 0x7f6b2dc8bc80 (15 bytes)
1759412836.713190 sending message 109 to peer 0x7f6b2dc8bc80 (4 bytes)
1759412836.713193 sending message 102 to peer 0x7f6b2dc8bc80 (11 bytes)
1759412836.713196 sending message 108 to peer 0x7f6b2dc8bc80 (26 bytes)
1759412836.713199 sending message 112 to peer 0x7f6b2dc8bc80 (58 bytes)
1759412836.713202 sending message 112 to peer 0x7f6b2dc8bc80 (5 bytes)
1759412836.713228 sending message 112 to peer 0x7f6b2dc8bc80 (5 bytes)
1759412836.713231 sending message 112 to peer 0x7f6b2dc8bc80 (6 bytes)
1759412836.713234 sending message 112 to peer 0x7f6b2dc8bc80 (6 bytes)
1759412836.713237 sending message 112 to peer 0x7f6b2dc8bc80 (11 bytes)
1759412836.713239 sending message 112 to peer 0x7f6b2dc8bc80 (10 bytes)
1759412836.713242 sending message 112 to peer 0x7f6b2dc8bc80 (13 bytes)
1759412836.713245 sending message 112 to peer 0x7f6b2dc8bc80 (14 bytes)
1759412836.713247 sending message 112 to peer 0x7f6b2dc8bc80 (19 bytes)
1759412836.713250 sending message 112 to peer 0x7f6b2dc8bc80 (11 bytes)
1759412836.713253 sending message 112 to peer 0x7f6b2dc8bc80 (10 bytes)
1759412836.713255 sending message 112 to peer 0x7f6b2dc8bc80 (15 bytes)
1759412836.713258 sending message 112 to peer 0x7f6b2dc8bc80 (21 bytes)
1759412836.713261 sending message 112 to peer 0x7f6b2dc8bc80 (13 bytes)
1759412836.713264 sending message 112 to peer 0x7f6b2dc8bc80 (7 bytes)
1759412836.713266 sending message 112 to peer 0x7f6b2dc8bc80 (13 bytes)
1759412836.713269 sending message 112 to peer 0x7f6b2dc8bc80 (7 bytes)
1759412836.713272 sending message 112 to peer 0x7f6b2dc8bc80 (13 bytes)
1759412836.713274 sending message 112 to peer 0x7f6b2dc8bc80 (9 bytes)
1759412836.713277 sending message 112 to peer 0x7f6b2dc8bc80 (21 bytes)
1759412836.713280 sending message 112 to peer 0x7f6b2dc8bc80 (13 bytes)
1759412836.713282 sending message 112 to peer 0x7f6b2dc8bc80 (9 bytes)
1759412836.713285 sending message 112 to peer 0x7f6b2dc8bc80 (16 bytes)
1759412836.713288 sending message 112 to peer 0x7f6b2dc8bc80 (13 bytes)
1759412836.713290 sending message 112 to peer 0x7f6b2dc8bc80 (9 bytes)
1759412836.713293 sending message 112 to peer 0x7f6b2dc8bc80 (9 bytes)
1759412836.713296 sending message 112 to peer 0x7f6b2dc8bc80 (12 bytes)
1759412836.713299 sending message 112 to peer 0x7f6b2dc8bc80 (8 bytes)
1759412836.713301 sending message 112 to peer 0x7f6b2dc8bc80 (8 bytes)
1759412836.713304 sending message 112 to peer 0x7f6b2dc8bc80 (13 bytes)
1759412836.713307 sending message 112 to peer 0x7f6b2dc8bc80 (7 bytes)
1759412836.713309 sending message 112 to peer 0x7f6b2dc8bc80 (7 bytes)
1759412836.713312 sending message 112 to peer 0x7f6b2dc8bc80 (9 bytes)
1759412836.713315 sending message 112 to peer 0x7f6b2dc8bc80 (9 bytes)
1759412836.713317 sending message 112 to peer 0x7f6b2dc8bc80 (15 bytes)
1759412836.713320 sending message 112 to peer 0x7f6b2dc8bc80 (13 bytes)
1759412836.713323 sending message 112 to peer 0x7f6b2dc8bc80 (12 bytes)
1759412836.713325 sending message 112 to peer 0x7f6b2dc8bc80 (8 bytes)
1759412836.713328 sending message 112 to peer 0x7f6b2dc8bc80 (14 bytes)
1759412836.713331 sending message 112 to peer 0x7f6b2dc8bc80 (11 bytes)
1759412836.713334 sending message 112 to peer 0x7f6b2dc8bc80 (9 bytes)
1759412836.713336 sending message 112 to peer 0x7f6b2dc8bc80 (10 bytes)
1759412836.713339 sending message 112 to peer 0x7f6b2dc8bc80 (10 bytes)
1759412836.713342 sending message 112 to peer 0x7f6b2dc8bc80 (10 bytes)
1759412836.713357 sending message 112 to peer 0x7f6b2dc8bc80 (10 bytes)
1759412836.713361 sending message 112 to peer 0x7f6b2dc8bc80 (11 bytes)
1759412836.713363 sending message 112 to peer 0x7f6b2dc8bc80 (12 bytes)
1759412836.713366 sending message 112 to peer 0x7f6b2dc8bc80 (12 bytes)
1759412836.713369 sending message 112 to peer 0x7f6b2dc8bc80 (12 bytes)
1759412836.713373 sending message 112 to peer 0x7f6b2dc8bc80 (12 bytes)
1759412836.713376 sending message 112 to peer 0x7f6b2dc8bc80 (12 bytes)
1759412836.713378 sending message 112 to peer 0x7f6b2dc8bc80 (11 bytes)
1759412836.713381 sending message 112 to peer 0x7f6b2dc8bc80 (11 bytes)
1759412836.713384 sending message 112 to peer 0x7f6b2dc8bc80 (12 bytes)
1759412836.713386 sending message 112 to peer 0x7f6b2dc8bc80 (12 bytes)
1759412836.713389 sending message 112 to peer 0x7f6b2dc8bc80 (12 bytes)
1759412836.713392 sending message 112 to peer 0x7f6b2dc8bc80 (12 bytes)
1759412836.713394 sending message 112 to peer 0x7f6b2dc8bc80 (12 bytes)
1759412836.713397 sending message 112 to peer 0x7f6b2dc8bc80 (9 bytes)
1759412836.713400 sending message 112 to peer 0x7f6b2dc8bc80 (12 bytes)
1759412836.713402 sending message 112 to peer 0x7f6b2dc8bc80 (13 bytes)
1759412836.713405 sending message 112 to peer 0x7f6b2dc8bc80 (13 bytes)
1759412836.713408 sending message 112 to peer 0x7f6b2dc8bc80 (13 bytes)
1759412836.713410 sending message 112 to peer 0x7f6b2dc8bc80 (13 bytes)
1759412836.713413 sending message 112 to peer 0x7f6b2dc8bc80 (13 bytes)
1759412836.713416 sending message 112 to peer 0x7f6b2dc8bc80 (8 bytes)
1759412836.713418 sending message 112 to peer 0x7f6b2dc8bc80 (11 bytes)
1759412836.713421 sending message 112 to peer 0x7f6b2dc8bc80 (11 bytes)
1759412836.713424 sending message 112 to peer 0x7f6b2dc8bc80 (11 bytes)
1759412836.713426 sending message 112 to peer 0x7f6b2dc8bc80 (12 bytes)
1759412836.713429 sending message 112 to peer 0x7f6b2dc8bc80 (12 bytes)
1759412836.713432 sending message 112 to peer 0x7f6b2dc8bc80 (12 bytes)
1759412836.713435 sending message 112 to peer 0x7f6b2dc8bc80 (12 bytes)
1759412836.713437 sending message 112 to peer 0x7f6b2dc8bc80 (13 bytes)
1759412836.713440 sending message 112 to peer 0x7f6b2dc8bc80 (13 bytes)
1759412836.713443 sending message 112 to peer 0x7f6b2dc8bc80 (13 bytes)
1759412836.713445 sending message 112 to peer 0x7f6b2dc8bc80 (8 bytes)
1759412836.713448 sending message 112 to peer 0x7f6b2dc8bc80 (13 bytes)
1759412836.713451 sending message 112 to peer 0x7f6b2dc8bc80 (13 bytes)
1759412836.713453 sending message 112 to peer 0x7f6b2dc8bc80 (13 bytes)
1759412836.713456 sending message 112 to peer 0x7f6b2dc8bc80 (13 bytes)
1759412836.713459 sending message 112 to peer 0x7f6b2dc8bc80 (13 bytes)
1759412836.713461 sending message 112 to peer 0x7f6b2dc8bc80 (12 bytes)
1759412836.713464 sending message 112 to peer 0x7f6b2dc8bc80 (12 bytes)
1759412836.713467 sending message 112 to peer 0x7f6b2dc8bc80 (12 bytes)
1759412836.713469 sending message 112 to peer 0x7f6b2dc8bc80 (12 bytes)
1759412836.713472 sending message 112 to peer 0x7f6b2dc8bc80 (13 bytes)
1759412836.713475 sending message 112 to peer 0x7f6b2dc8bc80 (8 bytes)
1759412836.713477 sending message 112 to peer 0x7f6b2dc8bc80 (13 bytes)
1759412836.713480 sending message 112 to peer 0x7f6b2dc8bc80 (13 bytes)
1759412836.713483 sending message 112 to peer 0x7f6b2dc8bc80 (13 bytes)
1759412836.713485 sending message 112 to peer 0x7f6b2dc8bc80 (13 bytes)
1759412836.713488 sending message 112 to peer 0x7f6b2dc8bc80 (13 bytes)
1759412836.713491 sending message 112 to peer 0x7f6b2dc8bc80 (13 bytes)
1759412836.713494 sending message 112 to peer 0x7f6b2dc8bc80 (13 bytes)
1759412836.713496 sending message 112 to peer 0x7f6b2dc8bc80 (12 bytes)
1759412836.713499 sending message 112 to peer 0x7f6b2dc8bc80 (12 bytes)
1759412836.713502 sending message 112 to peer 0x7f6b2dc8bc80 (12 bytes)
1759412836.713507 sending message 112 to peer 0x7f6b2dc8bc80 (8 bytes)
1759412836.713511 sending message 112 to peer 0x7f6b2dc8bc80 (12 bytes)
1759412836.713515 sending message 112 to peer 0x7f6b2dc8bc80 (13 bytes)
1759412836.713524 sending message 112 to peer 0x7f6b2dc8bc80 (13 bytes)
1759412836.713528 sending message 112 to peer 0x7f6b2dc8bc80 (13 bytes)
1759412836.713531 sending message 112 to peer 0x7f6b2dc8bc80 (13 bytes)
1759412836.713535 sending message 112 to peer 0x7f6b2dc8bc80 (13 bytes)
1759412836.713568 sending message 112 to peer 0x7f6b2dc8bc80 (13 bytes)
1759412836.713590 sending message 112 to peer 0x7f6b2dc8bc80 (13 bytes)
1759412836.713597 sending message 112 to peer 0x7f6b2dc8bc80 (13 bytes)
1759412836.713602 sending message 112 to peer 0x7f6b2dc8bc80 (12 bytes)
1759412836.713607 sending message 112 to peer 0x7f6b2dc8bc80 (10 bytes)
1759412836.713611 sending message 112 to peer 0x7f6b2dc8bc80 (12 bytes)
1759412836.713616 sending message 112 to peer 0x7f6b2dc8bc80 (12 bytes)
1759412836.713621 sending message 112 to peer 0x7f6b2dc8bc80 (12 bytes)
1759412836.713630 sending message 112 to peer 0x7f6b2dc8bc80 (13 bytes)
1759412836.713635 sending message 112 to peer 0x7f6b2dc8bc80 (13 bytes)
1759412836.713639 sending message 112 to peer 0x7f6b2dc8bc80 (13 bytes)
1759412836.713644 sending message 112 to peer 0x7f6b2dc8bc80 (13 bytes)
1759412836.713648 sending message 112 to peer 0x7f6b2dc8bc80 (13 bytes)
1759412836.713653 sending message 112 to peer 0x7f6b2dc8bc80 (13 bytes)
1759412836.713657 sending message 112 to peer 0x7f6b2dc8bc80 (13 bytes)
1759412836.713662 sending message 112 to peer 0x7f6b2dc8bc80 (10 bytes)
1759412836.713666 sending message 112 to peer 0x7f6b2dc8bc80 (13 bytes)
1759412836.713670 sending message 112 to peer 0x7f6b2dc8bc80 (12 bytes)
1759412836.713674 sending message 112 to peer 0x7f6b2dc8bc80 (12 bytes)
1759412836.713679 sending message 112 to peer 0x7f6b2dc8bc80 (12 bytes)
1759412836.713683 sending message 112 to peer 0x7f6b2dc8bc80 (10 bytes)
1759412836.713688 sending message 112 to peer 0x7f6b2dc8bc80 (10 bytes)
1759412836.713692 sending message 112 to peer 0x7f6b2dc8bc80 (10 bytes)
1759412836.713696 sending message 112 to peer 0x7f6b2dc8bc80 (12 bytes)
1759412836.713701 sending message 112 to peer 0x7f6b2dc8bc80 (13 bytes)
1759412836.713705 sending message 112 to peer 0x7f6b2dc8bc80 (13 bytes)
1759412836.713710 sending message 112 to peer 0x7f6b2dc8bc80 (13 bytes)
1759412836.713714 sending message 112 to peer 0x7f6b2dc8bc80 (13 bytes)
1759412836.713719 sending message 112 to peer 0x7f6b2dc8bc80 (13 bytes)
1759412836.713723 sending message 112 to peer 0x7f6b2dc8bc80 (10 bytes)
1759412836.713728 sending message 112 to peer 0x7f6b2dc8bc80 (11 bytes)
1759412836.713732 sending message 112 to peer 0x7f6b2dc8bc80 (12 bytes)
1759412836.713737 sending message 112 to peer 0x7f6b2dc8bc80 (12 bytes)
1759412836.713741 sending message 112 to peer 0x7f6b2dc8bc80 (12 bytes)
1759412836.713745 sending message 112 to peer 0x7f6b2dc8bc80 (12 bytes)
1759412836.713750 sending message 112 to peer 0x7f6b2dc8bc80 (12 bytes)
1759412836.713754 sending message 112 to peer 0x7f6b2dc8bc80 (11 bytes)
1759412836.713758 sending message 112 to peer 0x7f6b2dc8bc80 (12 bytes)
1759412836.713763 sending message 112 to peer 0x7f6b2dc8bc80 (12 bytes)
1759412836.713767 sending message 112 to peer 0x7f6b2dc8bc80 (13 bytes)
1759412836.713771 sending message 112 to peer 0x7f6b2dc8bc80 (13 bytes)
1759412836.713777 sending message 112 to peer 0x7f6b2dc8bc80 (13 bytes)
1759412836.713781 sending message 112 to peer 0x7f6b2dc8bc80 (13 bytes)
1759412836.713786 sending message 112 to peer 0x7f6b2dc8bc80 (13 bytes)
1759412836.713791 sending message 112 to peer 0x7f6b2dc8bc80 (10 bytes)
1759412836.713796 sending message 112 to peer 0x7f6b2dc8bc80 (9 bytes)
1759412836.713801 sending message 112 to peer 0x7f6b2dc8bc80 (12 bytes)
1759412836.713805 sending message 112 to peer 0x7f6b2dc8bc80 (13 bytes)
1759412836.713810 sending message 112 to peer 0x7f6b2dc8bc80 (13 bytes)
1759412836.713815 sending message 112 to peer 0x7f6b2dc8bc80 (13 bytes)
1759412836.713819 sending message 112 to peer 0x7f6b2dc8bc80 (13 bytes)
1759412836.713824 sending message 112 to peer 0x7f6b2dc8bc80 (13 bytes)
1759412836.713829 sending message 112 to peer 0x7f6b2dc8bc80 (9 bytes)
1759412836.713850 sending message 112 to peer 0x7f6b2dc8bc80 (12 bytes)
1759412836.713856 sending message 112 to peer 0x7f6b2dc8bc80 (13 bytes)
1759412836.713879 sending message 112 to peer 0x7f6b2dc8bc80 (13 bytes)
1759412836.713896 sending message 112 to peer 0x7f6b2dc8bc80 (13 bytes)
1759412836.713902 sending message 112 to peer 0x7f6b2dc8bc80 (13 bytes)
1759412836.713907 sending message 112 to peer 0x7f6b2dc8bc80 (13 bytes)
1759412836.713911 sending message 112 to peer 0x7f6b2dc8bc80 (11 bytes)
1759412836.713916 sending message 112 to peer 0x7f6b2dc8bc80 (12 bytes)
1759412836.713921 sending message 112 to peer 0x7f6b2dc8bc80 (13 bytes)
1759412836.713926 sending message 112 to peer 0x7f6b2dc8bc80 (13 bytes)
1759412836.713931 sending message 112 to peer 0x7f6b2dc8bc80 (13 bytes)
1759412836.713936 sending message 112 to peer 0x7f6b2dc8bc80 (13 bytes)
1759412836.713941 sending message 112 to peer 0x7f6b2dc8bc80 (13 bytes)
1759412836.713946 sending message 112 to peer 0x7f6b2dc8bc80 (11 bytes)
1759412836.713950 sending message 112 to peer 0x7f6b2dc8bc80 (12 bytes)
1759412836.713955 sending message 112 to peer 0x7f6b2dc8bc80 (12 bytes)
1759412836.713959 sending message 112 to peer 0x7f6b2dc8bc80 (12 bytes)
1759412836.713964 sending message 112 to peer 0x7f6b2dc8bc80 (12 bytes)
1759412836.713969 sending message 112 to peer 0x7f6b2dc8bc80 (12 bytes)
1759412836.713976 sending message 112 to peer 0x7f6b2dc8bc80 (21 bytes)
1759412836.713981 sending message 112 to peer 0x7f6b2dc8bc80 (12 bytes)
1759412836.713988 sending message 112 to peer 0x7f6b2dc8bc80 (9 bytes)
1759412836.713994 sending message 112 to peer 0x7f6b2dc8bc80 (6 bytes)
1759412836.713999 sending message 112 to peer 0x7f6b2dc8bc80 (13 bytes)
1759412836.714004 sending message 112 to peer 0x7f6b2dc8bc80 (10 bytes)
1759412836.714009 sending message 112 to peer 0x7f6b2dc8bc80 (24 bytes)
1759412836.714013 sending message 112 to peer 0x7f6b2dc8bc80 (13 bytes)
1759412836.714018 sending message 112 to peer 0x7f6b2dc8bc80 (9 bytes)
1759412836.714023 sending message 112 to peer 0x7f6b2dc8bc80 (70 bytes)
1759412836.714028 sending message 112 to peer 0x7f6b2dc8bc80 (69 bytes)
1759412836.714033 sending message 112 to peer 0x7f6b2dc8bc80 (12 bytes)
1759412836.714037 sending message 112 to peer 0x7f6b2dc8bc80 (10 bytes)
1759412836.714042 sending message 112 to peer 0x7f6b2dc8bc80 (10 bytes)
1759412836.714047 sending message 112 to peer 0x7f6b2dc8bc80 (24 bytes)
1759412836.714051 sending message 112 to peer 0x7f6b2dc8bc80 (13 bytes)
1759412836.714056 sending message 112 to peer 0x7f6b2dc8bc80 (10 bytes)
1759412836.714061 sending message 112 to peer 0x7f6b2dc8bc80 (10 bytes)
1759412836.714066 sending message 112 to peer 0x7f6b2dc8bc80 (10 bytes)
1759412836.714071 sending message 112 to peer 0x7f6b2dc8bc80 (13 bytes)
1759412836.714077 sending message 112 to peer 0x7f6b2dc8bc80 (15 bytes)
1759412836.714082 sending message 112 to peer 0x7f6b2dc8bc80 (5 bytes)
1759412836.714089 sending message 104 to peer 0x7f6b2dc8bc80 (0 bytes)
1759412836.714095 sending message 110 to peer 0x7f6b2dc8bc80 (0 bytes)
1759412836.714101 sending message 107 to peer 0x7f6b2dc8bc80 (4 bytes)
1759412836.714106 sending message 105 to peer 0x7f6b2dc8bc80 (16 bytes)
1759412836.714111 sending message 105 to peer 0x7f6b2dc8bc80 (80 bytes)
1759412836.714116 sending message 105 to peer 0x7f6b2dc8bc80 (19 bytes)
1759412836.714121 sending message 105 to peer 0x7f6b2dc8bc80 (20 bytes)
1759412836.714125 sending message 105 to peer 0x7f6b2dc8bc80 (23 bytes)
1759412836.714131 sending message 105 to peer 0x7f6b2dc8bc80 (44 bytes)
1759412836.714135 sending message 105 to peer 0x7f6b2dc8bc80 (18 bytes)
1759412836.714140 sending message 105 to peer 0x7f6b2dc8bc80 (41 bytes)
1759412836.714145 sending message 105 to peer 0x7f6b2dc8bc80 (51 bytes)
1759412836.714150 sending message 105 to peer 0x7f6b2dc8bc80 (20 bytes)
1759412836.714155 sending message 105 to peer 0x7f6b2dc8bc80 (22 bytes)
1759412836.714160 sending message 105 to peer 0x7f6b2dc8bc80 (28 bytes)
1759412836.714165 sending message 105 to peer 0x7f6b2dc8bc80 (30 bytes)
1759412836.714180 sending message 105 to peer 0x7f6b2dc8bc80 (15 bytes)
1759412836.714186 sending message 105 to peer 0x7f6b2dc8bc80 (26 bytes)
1759412836.714191 sending message 105 to peer 0x7f6b2dc8bc80 (25 bytes)
1759412836.714196 sending message 105 to peer 0x7f6b2dc8bc80 (52 bytes)
1759412836.714201 sending message 105 to peer 0x7f6b2dc8bc80 (22 bytes)
1759412836.714206 sending message 105 to peer 0x7f6b2dc8bc80 (54 bytes)
1759412836.714211 sending message 105 to peer 0x7f6b2dc8bc80 (21 bytes)
1759412836.714215 sending message 105 to peer 0x7f6b2dc8bc80 (18 bytes)
1759412836.714221 sending message 105 to peer 0x7f6b2dc8bc80 (16 bytes)
1759412836.714226 sending message 105 to peer 0x7f6b2dc8bc80 (18 bytes)
1759412836.714230 sending message 105 to peer 0x7f6b2dc8bc80 (17 bytes)
1759412836.714236 sending message 105 to peer 0x7f6b2dc8bc80 (1917 bytes)
1759412836.714241 sending message 105 to peer 0x7f6b2dc8bc80 (26 bytes)
1759412836.714246 sending message 105 to peer 0x7f6b2dc8bc80 (144 bytes)
1759412836.714251 sending message 105 to peer 0x7f6b2dc8bc80 (17 bytes)
1759412836.714256 sending message 105 to peer 0x7f6b2dc8bc80 (26 bytes)
1759412836.714261 sending message 105 to peer 0x7f6b2dc8bc80 (86 bytes)
1759412836.714268 sending message 105 to peer 0x7f6b2dc8bc80 (23 bytes)
1759412836.714274 sending message 105 to peer 0x7f6b2dc8bc80 (23 bytes)
1759412836.714278 sending message 105 to peer 0x7f6b2dc8bc80 (20 bytes)
1759412836.714283 sending message 105 to peer 0x7f6b2dc8bc80 (12 bytes)
1759412836.714288 sending message 105 to peer 0x7f6b2dc8bc80 (30 bytes)
1759412836.714292 sending message 105 to peer 0x7f6b2dc8bc80 (11 bytes)
1759412836.714297 sending message 105 to peer 0x7f6b2dc8bc80 (8 bytes)
1759412836.714304 sending message 105 to peer 0x7f6b2dc8bc80 (18 bytes)
1759412836.714309 sending message 105 to peer 0x7f6b2dc8bc80 (31 bytes)
1759412836.714314 sending message 105 to peer 0x7f6b2dc8bc80 (61 bytes)
1759412836.714319 sending message 105 to peer 0x7f6b2dc8bc80 (62 bytes)
1759412836.714324 sending message 105 to peer 0x7f6b2dc8bc80 (17 bytes)
1759412836.714329 sending message 105 to peer 0x7f6b2dc8bc80 (54 bytes)
1759412836.714333 sending message 105 to peer 0x7f6b2dc8bc80 (16 bytes)
1759412836.714338 sending message 106 to peer 0x7f6b2dc8bc80 (0 bytes)
1759412836.714534 sending message 200 to peer 0x7f6b2dc8bc80 (4 bytes)
1759412836.714548 client loop enter
1759412836.729123 peer 0x7f6b2dc8bc80 message 207
1759412836.729159 sending message 208 to peer 0x7f6b2dc8bc80 (0 bytes)
