1759412824.725571 client started (39964): version 3.5a, socket /tmp/tmux-1000/default, protocol 8
1759412824.725616 on Linux 6.12.43+deb13-amd64 #1 SMP PREEMPT_DYNAMIC Debian 6.12.43-1 (2025-08-27)
1759412824.725626 using libevent 2.1.12-stable poll
1759412824.725630 using ncurses 6.5 20250125
1759412824.725653 flags are 0x18010000
1759412824.725671 socket is /tmp/tmux-1000/default
1759412824.725691 trying connect
1759412824.725718 connect failed: No such file or directory
1759412824.725733 lock file is /tmp/tmux-1000/default.lock
1759412824.725758 flock succeeded
1759412824.725765 got lock (6)
1759412824.725774 trying connect
1759412824.725789 connect failed: No such file or directory
1759412824.726370 add peer 0x7f2358a8b840: 7 ((nil))
1759412824.727151 sending message 111 to peer 0x7f2358a8b840 (8 bytes)
1759412824.727180 sending message 111 to peer 0x7f2358a8b840 (8 bytes)
1759412824.727187 sending message 101 to peer 0x7f2358a8b840 (15 bytes)
1759412824.727193 sending message 109 to peer 0x7f2358a8b840 (4 bytes)
1759412824.727199 sending message 102 to peer 0x7f2358a8b840 (11 bytes)
1759412824.727204 sending message 108 to peer 0x7f2358a8b840 (26 bytes)
1759412824.727209 sending message 112 to peer 0x7f2358a8b840 (58 bytes)
1759412824.727214 sending message 112 to peer 0x7f2358a8b840 (5 bytes)
1759412824.727219 sending message 112 to peer 0x7f2358a8b840 (5 bytes)
1759412824.727224 sending message 112 to peer 0x7f2358a8b840 (6 bytes)
1759412824.727229 sending message 112 to peer 0x7f2358a8b840 (6 bytes)
1759412824.727234 sending message 112 to peer 0x7f2358a8b840 (11 bytes)
1759412824.727238 sending message 112 to peer 0x7f2358a8b840 (10 bytes)
1759412824.727243 sending message 112 to peer 0x7f2358a8b840 (13 bytes)
1759412824.727248 sending message 112 to peer 0x7f2358a8b840 (14 bytes)
1759412824.727252 sending message 112 to peer 0x7f2358a8b840 (19 bytes)
1759412824.727257 sending message 112 to peer 0x7f2358a8b840 (11 bytes)
1759412824.727262 sending message 112 to peer 0x7f2358a8b840 (10 bytes)
1759412824.727267 sending message 112 to peer 0x7f2358a8b840 (15 bytes)
1759412824.727272 sending message 112 to peer 0x7f2358a8b840 (21 bytes)
1759412824.727277 sending message 112 to peer 0x7f2358a8b840 (13 bytes)
1759412824.727283 sending message 112 to peer 0x7f2358a8b840 (7 bytes)
1759412824.727288 sending message 112 to peer 0x7f2358a8b840 (13 bytes)
1759412824.727293 sending message 112 to peer 0x7f2358a8b840 (7 bytes)
1759412824.727298 sending message 112 to peer 0x7f2358a8b840 (13 bytes)
1759412824.727303 sending message 112 to peer 0x7f2358a8b840 (9 bytes)
1759412824.727307 sending message 112 to peer 0x7f2358a8b840 (21 bytes)
1759412824.727312 sending message 112 to peer 0x7f2358a8b840 (13 bytes)
1759412824.727317 sending message 112 to peer 0x7f2358a8b840 (9 bytes)
1759412824.727321 sending message 112 to peer 0x7f2358a8b840 (16 bytes)
1759412824.727326 sending message 112 to peer 0x7f2358a8b840 (13 bytes)
1759412824.727331 sending message 112 to peer 0x7f2358a8b840 (9 bytes)
1759412824.727335 sending message 112 to peer 0x7f2358a8b840 (9 bytes)
1759412824.727340 sending message 112 to peer 0x7f2358a8b840 (12 bytes)
1759412824.727344 sending message 112 to peer 0x7f2358a8b840 (8 bytes)
1759412824.727349 sending message 112 to peer 0x7f2358a8b840 (8 bytes)
1759412824.727353 sending message 112 to peer 0x7f2358a8b840 (13 bytes)
1759412824.727358 sending message 112 to peer 0x7f2358a8b840 (7 bytes)
1759412824.727362 sending message 112 to peer 0x7f2358a8b840 (7 bytes)
1759412824.727367 sending message 112 to peer 0x7f2358a8b840 (9 bytes)
1759412824.727371 sending message 112 to peer 0x7f2358a8b840 (9 bytes)
1759412824.727376 sending message 112 to peer 0x7f2358a8b840 (15 bytes)
1759412824.727380 sending message 112 to peer 0x7f2358a8b840 (13 bytes)
1759412824.727385 sending message 112 to peer 0x7f2358a8b840 (12 bytes)
1759412824.727390 sending message 112 to peer 0x7f2358a8b840 (8 bytes)
1759412824.727395 sending message 112 to peer 0x7f2358a8b840 (14 bytes)
1759412824.727400 sending message 112 to peer 0x7f2358a8b840 (11 bytes)
1759412824.727418 sending message 112 to peer 0x7f2358a8b840 (9 bytes)
1759412824.727423 sending message 112 to peer 0x7f2358a8b840 (10 bytes)
1759412824.727428 sending message 112 to peer 0x7f2358a8b840 (10 bytes)
1759412824.727433 sending message 112 to peer 0x7f2358a8b840 (10 bytes)
1759412824.727438 sending message 112 to peer 0x7f2358a8b840 (10 bytes)
1759412824.727442 sending message 112 to peer 0x7f2358a8b840 (11 bytes)
1759412824.727446 sending message 112 to peer 0x7f2358a8b840 (12 bytes)
1759412824.727451 sending message 112 to peer 0x7f2358a8b840 (12 bytes)
1759412824.727456 sending message 112 to peer 0x7f2358a8b840 (12 bytes)
1759412824.727463 sending message 112 to peer 0x7f2358a8b840 (12 bytes)
1759412824.727468 sending message 112 to peer 0x7f2358a8b840 (12 bytes)
1759412824.727473 sending message 112 to peer 0x7f2358a8b840 (11 bytes)
1759412824.727478 sending message 112 to peer 0x7f2358a8b840 (11 bytes)
1759412824.727483 sending message 112 to peer 0x7f2358a8b840 (12 bytes)
1759412824.727488 sending message 112 to peer 0x7f2358a8b840 (12 bytes)
1759412824.727493 sending message 112 to peer 0x7f2358a8b840 (12 bytes)
1759412824.727498 sending message 112 to peer 0x7f2358a8b840 (12 bytes)
1759412824.727502 sending message 112 to peer 0x7f2358a8b840 (12 bytes)
1759412824.727507 sending message 112 to peer 0x7f2358a8b840 (9 bytes)
1759412824.727512 sending message 112 to peer 0x7f2358a8b840 (12 bytes)
1759412824.727516 sending message 112 to peer 0x7f2358a8b840 (13 bytes)
1759412824.727521 sending message 112 to peer 0x7f2358a8b840 (13 bytes)
1759412824.727525 sending message 112 to peer 0x7f2358a8b840 (13 bytes)
1759412824.727530 sending message 112 to peer 0x7f2358a8b840 (13 bytes)
1759412824.727535 sending message 112 to peer 0x7f2358a8b840 (13 bytes)
1759412824.727540 sending message 112 to peer 0x7f2358a8b840 (8 bytes)
1759412824.727545 sending message 112 to peer 0x7f2358a8b840 (11 bytes)
1759412824.727549 sending message 112 to peer 0x7f2358a8b840 (11 bytes)
1759412824.727554 sending message 112 to peer 0x7f2358a8b840 (11 bytes)
1759412824.727559 sending message 112 to peer 0x7f2358a8b840 (12 bytes)
1759412824.727563 sending message 112 to peer 0x7f2358a8b840 (12 bytes)
1759412824.727568 sending message 112 to peer 0x7f2358a8b840 (12 bytes)
1759412824.727572 sending message 112 to peer 0x7f2358a8b840 (12 bytes)
1759412824.727577 sending message 112 to peer 0x7f2358a8b840 (13 bytes)
1759412824.727582 sending message 112 to peer 0x7f2358a8b840 (13 bytes)
1759412824.727586 sending message 112 to peer 0x7f2358a8b840 (13 bytes)
1759412824.727591 sending message 112 to peer 0x7f2358a8b840 (8 bytes)
1759412824.727596 sending message 112 to peer 0x7f2358a8b840 (13 bytes)
1759412824.727601 sending message 112 to peer 0x7f2358a8b840 (13 bytes)
1759412824.727605 sending message 112 to peer 0x7f2358a8b840 (13 bytes)
1759412824.727611 sending message 112 to peer 0x7f2358a8b840 (13 bytes)
1759412824.727615 sending message 112 to peer 0x7f2358a8b840 (13 bytes)
1759412824.727620 sending message 112 to peer 0x7f2358a8b840 (12 bytes)
1759412824.727625 sending message 112 to peer 0x7f2358a8b840 (12 bytes)
1759412824.727629 sending message 112 to peer 0x7f2358a8b840 (12 bytes)
1759412824.727635 sending message 112 to peer 0x7f2358a8b840 (12 bytes)
1759412824.727639 sending message 112 to peer 0x7f2358a8b840 (13 bytes)
1759412824.727644 sending message 112 to peer 0x7f2358a8b840 (8 bytes)
1759412824.727648 sending message 112 to peer 0x7f2358a8b840 (13 bytes)
1759412824.727653 sending message 112 to peer 0x7f2358a8b840 (13 bytes)
1759412824.727658 sending message 112 to peer 0x7f2358a8b840 (13 bytes)
1759412824.727664 sending message 112 to peer 0x7f2358a8b840 (13 bytes)
1759412824.727669 sending message 112 to peer 0x7f2358a8b840 (13 bytes)
1759412824.727674 sending message 112 to peer 0x7f2358a8b840 (13 bytes)
1759412824.727679 sending message 112 to peer 0x7f2358a8b840 (13 bytes)
1759412824.727683 sending message 112 to peer 0x7f2358a8b840 (12 bytes)
1759412824.727688 sending message 112 to peer 0x7f2358a8b840 (12 bytes)
1759412824.727701 sending message 112 to peer 0x7f2358a8b840 (12 bytes)
1759412824.727706 sending message 112 to peer 0x7f2358a8b840 (8 bytes)
1759412824.727711 sending message 112 to peer 0x7f2358a8b840 (12 bytes)
1759412824.727716 sending message 112 to peer 0x7f2358a8b840 (13 bytes)
1759412824.727720 sending message 112 to peer 0x7f2358a8b840 (13 bytes)
1759412824.727725 sending message 112 to peer 0x7f2358a8b840 (13 bytes)
1759412824.727730 sending message 112 to peer 0x7f2358a8b840 (13 bytes)
1759412824.727735 sending message 112 to peer 0x7f2358a8b840 (13 bytes)
1759412824.727740 sending message 112 to peer 0x7f2358a8b840 (13 bytes)
1759412824.727744 sending message 112 to peer 0x7f2358a8b840 (13 bytes)
1759412824.727749 sending message 112 to peer 0x7f2358a8b840 (13 bytes)
1759412824.727753 sending message 112 to peer 0x7f2358a8b840 (12 bytes)
1759412824.727758 sending message 112 to peer 0x7f2358a8b840 (10 bytes)
1759412824.727763 sending message 112 to peer 0x7f2358a8b840 (12 bytes)
1759412824.727767 sending message 112 to peer 0x7f2358a8b840 (12 bytes)
1759412824.727772 sending message 112 to peer 0x7f2358a8b840 (12 bytes)
1759412824.727779 sending message 112 to peer 0x7f2358a8b840 (13 bytes)
1759412824.727784 sending message 112 to peer 0x7f2358a8b840 (13 bytes)
1759412824.727788 sending message 112 to peer 0x7f2358a8b840 (13 bytes)
1759412824.727793 sending message 112 to peer 0x7f2358a8b840 (13 bytes)
1759412824.727798 sending message 112 to peer 0x7f2358a8b840 (13 bytes)
1759412824.727803 sending message 112 to peer 0x7f2358a8b840 (13 bytes)
1759412824.727808 sending message 112 to peer 0x7f2358a8b840 (13 bytes)
1759412824.727812 sending message 112 to peer 0x7f2358a8b840 (10 bytes)
1759412824.727817 sending message 112 to peer 0x7f2358a8b840 (13 bytes)
1759412824.727821 sending message 112 to peer 0x7f2358a8b840 (12 bytes)
1759412824.727826 sending message 112 to peer 0x7f2358a8b840 (12 bytes)
1759412824.727831 sending message 112 to peer 0x7f2358a8b840 (12 bytes)
1759412824.727835 sending message 112 to peer 0x7f2358a8b840 (10 bytes)
1759412824.727840 sending message 112 to peer 0x7f2358a8b840 (10 bytes)
1759412824.727844 sending message 112 to peer 0x7f2358a8b840 (10 bytes)
1759412824.727849 sending message 112 to peer 0x7f2358a8b840 (12 bytes)
1759412824.727854 sending message 112 to peer 0x7f2358a8b840 (13 bytes)
1759412824.727858 sending message 112 to peer 0x7f2358a8b840 (13 bytes)
1759412824.727863 sending message 112 to peer 0x7f2358a8b840 (13 bytes)
1759412824.727868 sending message 112 to peer 0x7f2358a8b840 (13 bytes)
1759412824.727872 sending message 112 to peer 0x7f2358a8b840 (13 bytes)
1759412824.727877 sending message 112 to peer 0x7f2358a8b840 (10 bytes)
1759412824.727882 sending message 112 to peer 0x7f2358a8b840 (11 bytes)
1759412824.727886 sending message 112 to peer 0x7f2358a8b840 (12 bytes)
1759412824.727892 sending message 112 to peer 0x7f2358a8b840 (12 bytes)
1759412824.727897 sending message 112 to peer 0x7f2358a8b840 (12 bytes)
1759412824.727902 sending message 112 to peer 0x7f2358a8b840 (12 bytes)
1759412824.727907 sending message 112 to peer 0x7f2358a8b840 (12 bytes)
1759412824.727913 sending message 112 to peer 0x7f2358a8b840 (11 bytes)
1759412824.727922 sending message 112 to peer 0x7f2358a8b840 (12 bytes)
1759412824.727928 sending message 112 to peer 0x7f2358a8b840 (12 bytes)
1759412824.727933 sending message 112 to peer 0x7f2358a8b840 (13 bytes)
1759412824.727938 sending message 112 to peer 0x7f2358a8b840 (13 bytes)
1759412824.727943 sending message 112 to peer 0x7f2358a8b840 (13 bytes)
1759412824.727948 sending message 112 to peer 0x7f2358a8b840 (13 bytes)
1759412824.727953 sending message 112 to peer 0x7f2358a8b840 (13 bytes)
1759412824.727958 sending message 112 to peer 0x7f2358a8b840 (10 bytes)
1759412824.727963 sending message 112 to peer 0x7f2358a8b840 (9 bytes)
1759412824.727968 sending message 112 to peer 0x7f2358a8b840 (12 bytes)
1759412824.727972 sending message 112 to peer 0x7f2358a8b840 (13 bytes)
1759412824.727977 sending message 112 to peer 0x7f2358a8b840 (13 bytes)
1759412824.727988 sending message 112 to peer 0x7f2358a8b840 (13 bytes)
1759412824.727993 sending message 112 to peer 0x7f2358a8b840 (13 bytes)
1759412824.727998 sending message 112 to peer 0x7f2358a8b840 (13 bytes)
1759412824.728002 sending message 112 to peer 0x7f2358a8b840 (9 bytes)
1759412824.728007 sending message 112 to peer 0x7f2358a8b840 (12 bytes)
1759412824.728012 sending message 112 to peer 0x7f2358a8b840 (13 bytes)
1759412824.728017 sending message 112 to peer 0x7f2358a8b840 (13 bytes)
1759412824.728022 sending message 112 to peer 0x7f2358a8b840 (13 bytes)
1759412824.728027 sending message 112 to peer 0x7f2358a8b840 (13 bytes)
1759412824.728031 sending message 112 to peer 0x7f2358a8b840 (13 bytes)
1759412824.728036 sending message 112 to peer 0x7f2358a8b840 (11 bytes)
1759412824.728041 sending message 112 to peer 0x7f2358a8b840 (12 bytes)
1759412824.728046 sending message 112 to peer 0x7f2358a8b840 (13 bytes)
1759412824.728051 sending message 112 to peer 0x7f2358a8b840 (13 bytes)
1759412824.728055 sending message 112 to peer 0x7f2358a8b840 (13 bytes)
1759412824.728060 sending message 112 to peer 0x7f2358a8b840 (13 bytes)
1759412824.728065 sending message 112 to peer 0x7f2358a8b840 (13 bytes)
1759412824.728069 sending message 112 to peer 0x7f2358a8b840 (11 bytes)
1759412824.728074 sending message 112 to peer 0x7f2358a8b840 (12 bytes)
1759412824.728079 sending message 112 to peer 0x7f2358a8b840 (12 bytes)
1759412824.728083 sending message 112 to peer 0x7f2358a8b840 (12 bytes)
1759412824.728088 sending message 112 to peer 0x7f2358a8b840 (12 bytes)
1759412824.728092 sending message 112 to peer 0x7f2358a8b840 (12 bytes)
1759412824.728098 sending message 112 to peer 0x7f2358a8b840 (21 bytes)
1759412824.728104 sending message 112 to peer 0x7f2358a8b840 (12 bytes)
1759412824.728110 sending message 112 to peer 0x7f2358a8b840 (9 bytes)
1759412824.728115 sending message 112 to peer 0x7f2358a8b840 (6 bytes)
1759412824.728120 sending message 112 to peer 0x7f2358a8b840 (13 bytes)
1759412824.728125 sending message 112 to peer 0x7f2358a8b840 (10 bytes)
1759412824.728129 sending message 112 to peer 0x7f2358a8b840 (24 bytes)
1759412824.728134 sending message 112 to peer 0x7f2358a8b840 (13 bytes)
1759412824.728139 sending message 112 to peer 0x7f2358a8b840 (9 bytes)
1759412824.728143 sending message 112 to peer 0x7f2358a8b840 (70 bytes)
1759412824.728148 sending message 112 to peer 0x7f2358a8b840 (69 bytes)
1759412824.728153 sending message 112 to peer 0x7f2358a8b840 (12 bytes)
1759412824.728157 sending message 112 to peer 0x7f2358a8b840 (10 bytes)
1759412824.728162 sending message 112 to peer 0x7f2358a8b840 (10 bytes)
1759412824.728167 sending message 112 to peer 0x7f2358a8b840 (24 bytes)
1759412824.728171 sending message 112 to peer 0x7f2358a8b840 (13 bytes)
1759412824.728176 sending message 112 to peer 0x7f2358a8b840 (10 bytes)
1759412824.728180 sending message 112 to peer 0x7f2358a8b840 (10 bytes)
1759412824.728185 sending message 112 to peer 0x7f2358a8b840 (10 bytes)
1759412824.728190 sending message 112 to peer 0x7f2358a8b840 (13 bytes)
1759412824.728194 sending message 112 to peer 0x7f2358a8b840 (15 bytes)
1759412824.728199 sending message 112 to peer 0x7f2358a8b840 (5 bytes)
1759412824.728206 sending message 104 to peer 0x7f2358a8b840 (0 bytes)
1759412824.728212 sending message 110 to peer 0x7f2358a8b840 (0 bytes)
1759412824.728218 sending message 107 to peer 0x7f2358a8b840 (4 bytes)
1759412824.728223 sending message 105 to peer 0x7f2358a8b840 (16 bytes)
1759412824.728228 sending message 105 to peer 0x7f2358a8b840 (80 bytes)
1759412824.728233 sending message 105 to peer 0x7f2358a8b840 (19 bytes)
1759412824.728237 sending message 105 to peer 0x7f2358a8b840 (20 bytes)
1759412824.728243 sending message 105 to peer 0x7f2358a8b840 (23 bytes)
1759412824.728247 sending message 105 to peer 0x7f2358a8b840 (44 bytes)
1759412824.728255 sending message 105 to peer 0x7f2358a8b840 (18 bytes)
1759412824.728260 sending message 105 to peer 0x7f2358a8b840 (41 bytes)
1759412824.728265 sending message 105 to peer 0x7f2358a8b840 (51 bytes)
1759412824.728276 sending message 105 to peer 0x7f2358a8b840 (20 bytes)
1759412824.728282 sending message 105 to peer 0x7f2358a8b840 (22 bytes)
1759412824.728286 sending message 105 to peer 0x7f2358a8b840 (28 bytes)
1759412824.728291 sending message 105 to peer 0x7f2358a8b840 (30 bytes)
1759412824.728295 sending message 105 to peer 0x7f2358a8b840 (15 bytes)
1759412824.728300 sending message 105 to peer 0x7f2358a8b840 (26 bytes)
1759412824.728304 sending message 105 to peer 0x7f2358a8b840 (25 bytes)
1759412824.728309 sending message 105 to peer 0x7f2358a8b840 (52 bytes)
1759412824.728314 sending message 105 to peer 0x7f2358a8b840 (22 bytes)
1759412824.728318 sending message 105 to peer 0x7f2358a8b840 (54 bytes)
1759412824.728323 sending message 105 to peer 0x7f2358a8b840 (21 bytes)
1759412824.728328 sending message 105 to peer 0x7f2358a8b840 (18 bytes)
1759412824.728332 sending message 105 to peer 0x7f2358a8b840 (16 bytes)
1759412824.728337 sending message 105 to peer 0x7f2358a8b840 (18 bytes)
1759412824.728342 sending message 105 to peer 0x7f2358a8b840 (17 bytes)
1759412824.728347 sending message 105 to peer 0x7f2358a8b840 (1917 bytes)
1759412824.728358 sending message 105 to peer 0x7f2358a8b840 (26 bytes)
1759412824.728364 sending message 105 to peer 0x7f2358a8b840 (144 bytes)
1759412824.728369 sending message 105 to peer 0x7f2358a8b840 (17 bytes)
1759412824.728374 sending message 105 to peer 0x7f2358a8b840 (26 bytes)
1759412824.728378 sending message 105 to peer 0x7f2358a8b840 (86 bytes)
1759412824.728383 sending message 105 to peer 0x7f2358a8b840 (23 bytes)
1759412824.728388 sending message 105 to peer 0x7f2358a8b840 (23 bytes)
1759412824.728393 sending message 105 to peer 0x7f2358a8b840 (20 bytes)
1759412824.728398 sending message 105 to peer 0x7f2358a8b840 (12 bytes)
1759412824.728403 sending message 105 to peer 0x7f2358a8b840 (30 bytes)
1759412824.728407 sending message 105 to peer 0x7f2358a8b840 (11 bytes)
1759412824.728412 sending message 105 to peer 0x7f2358a8b840 (8 bytes)
1759412824.728418 sending message 105 to peer 0x7f2358a8b840 (18 bytes)
1759412824.728423 sending message 105 to peer 0x7f2358a8b840 (31 bytes)
1759412824.728428 sending message 105 to peer 0x7f2358a8b840 (61 bytes)
1759412824.728433 sending message 105 to peer 0x7f2358a8b840 (62 bytes)
1759412824.728437 sending message 105 to peer 0x7f2358a8b840 (17 bytes)
1759412824.728442 sending message 105 to peer 0x7f2358a8b840 (54 bytes)
1759412824.728447 sending message 105 to peer 0x7f2358a8b840 (16 bytes)
1759412824.728451 sending message 105 to peer 0x7f2358a8b840 (31 bytes)
1759412824.728456 sending message 106 to peer 0x7f2358a8b840 (0 bytes)
1759412824.728542 sending message 200 to peer 0x7f2358a8b840 (4 bytes)
1759412824.728550 client loop enter
1759412824.728576 client_signal: Child exited
1759412824.791425 peer 0x7f2358a8b840 message 207
1759412824.791446 sending message 208 to peer 0x7f2358a8b840 (0 bytes)
1759412832.019431 client_signal: Hangup
1759412832.019485 sending message 205 to peer 0x7f2358a8b840 (0 bytes)
1759412832.020541 peer 0x7f2358a8b840 message 204
1759412832.020573 client loop exit
